This file contains any messages produced by compilers while
running configure, to aid debugging if configure makes a mistake.

It was created by configure, which was
generated by GNU Autoconf 2.69.  Invocation command line was

  $ ./configure 

## --------- ##
## Platform. ##
## --------- ##

hostname = Ercans-MacBook-Pro.local
uname -m = x86_64
uname -r = 16.5.0
uname -s = Darwin
uname -v = Darwin Kernel Version 16.5.0: Fri Mar  3 16:52:33 PST 2017; root:xnu-3789.51.2~3/RELEASE_X86_64

/usr/bin/uname -p = i386
/bin/uname -X     = unknown

/bin/arch              = unknown
/usr/bin/arch -k       = unknown
/usr/convex/getsysinfo = unknown
/usr/bin/hostinfo      = Mach kernel version:
	 Darwin Kernel Version 16.5.0: Fri Mar  3 16:52:33 PST 2017; root:xnu-3789.51.2~3/RELEASE_X86_64
Kernel configured for up to 4 processors.
2 processors are physically available.
4 processors are logically available.
Processor type: x86_64h (Intel x86-64h Haswell)
Processors active: 0 1 2 3
Primary memory available: 8.00 gigabytes
Default processor set: 318 tasks, 1519 threads, 4 processors
Load average: 2.79, Mach factor: 1.20
/bin/machine           = unknown
/usr/bin/oslevel       = unknown
/bin/universe          = unknown

PATH: /usr/local/bin
PATH: /usr/bin
PATH: /bin
PATH: /usr/sbin
PATH: /sbin


## ----------- ##
## Core tests. ##
## ----------- ##

configure:2327: checking for a BSD-compatible install
configure:2395: result: /usr/bin/install -c
configure:2406: checking whether build environment is sane
configure:2461: result: yes
configure:2612: checking for a thread-safe mkdir -p
configure:2651: result: ./install-sh -c -d
configure:2658: checking for gawk
configure:2688: result: no
configure:2658: checking for mawk
configure:2688: result: no
configure:2658: checking for nawk
configure:2688: result: no
configure:2658: checking for awk
configure:2674: found /usr/bin/awk
configure:2685: result: awk
configure:2696: checking whether make sets $(MAKE)
configure:2718: result: yes
configure:2747: checking whether make supports nested variables
configure:2764: result: yes
configure:2931: checking for gcc
configure:2947: found /usr/bin/gcc
configure:2958: result: gcc
configure:3187: checking for C compiler version
configure:3196: gcc --version >&5
Apple LLVM version 8.1.0 (clang-802.0.38)
Target: x86_64-apple-darwin16.5.0
Thread model: posix
InstalledDir: /Library/Developer/CommandLineTools/usr/bin
Configured with: --prefix=/Library/Developer/CommandLineTools/usr --with-gxx-include-dir=/usr/include/c++/4.2.1
configure:3207: $? = 0
configure:3196: gcc -v >&5
Configured with: --prefix=/Library/Developer/CommandLineTools/usr --with-gxx-include-dir=/usr/include/c++/4.2.1
Apple LLVM version 8.1.0 (clang-802.0.38)
Target: x86_64-apple-darwin16.5.0
Thread model: posix
InstalledDir: /Library/Developer/CommandLineTools/usr/bin
configure:3207: $? = 0
configure:3196: gcc -V >&5
clang: error: argument to '-V' is missing (expected 1 value)
clang: error: no input files
configure:3207: $? = 1
configure:3196: gcc -qversion >&5
clang: error: unknown argument: '-qversion'
clang: error: no input files
configure:3207: $? = 1
configure:3227: checking whether the C compiler works
configure:3249: gcc    conftest.c  >&5
configure:3253: $? = 0
configure:3301: result: yes
configure:3304: checking for C compiler default output file name
configure:3306: result: a.out
configure:3312: checking for suffix of executables
configure:3319: gcc -o conftest    conftest.c  >&5
configure:3323: $? = 0
configure:3345: result: 
configure:3367: checking whether we are cross compiling
configure:3375: gcc -o conftest    conftest.c  >&5
configure:3379: $? = 0
configure:3386: ./conftest
configure:3390: $? = 0
configure:3405: result: no
configure:3410: checking for suffix of object files
configure:3432: gcc -c   conftest.c >&5
configure:3436: $? = 0
configure:3457: result: o
configure:3461: checking whether we are using the GNU C compiler
configure:3480: gcc -c   conftest.c >&5
configure:3480: $? = 0
configure:3489: result: yes
configure:3498: checking whether gcc accepts -g
configure:3518: gcc -c -g  conftest.c >&5
configure:3518: $? = 0
configure:3559: result: yes
configure:3576: checking for gcc option to accept ISO C89
configure:3639: gcc  -c -g -O2  conftest.c >&5
configure:3639: $? = 0
configure:3652: result: none needed
configure:3677: checking whether gcc understands -c and -o together
configure:3699: gcc -c conftest.c -o conftest2.o
configure:3702: $? = 0
configure:3699: gcc -c conftest.c -o conftest2.o
configure:3702: $? = 0
configure:3714: result: yes
configure:3742: checking for style of include used by make
configure:3770: result: GNU
configure:3796: checking dependency style of gcc
configure:3907: result: gcc3
configure:3980: checking for g++
configure:3996: found /usr/bin/g++
configure:4007: result: g++
configure:4034: checking for C++ compiler version
configure:4043: g++ --version >&5
Apple LLVM version 8.1.0 (clang-802.0.38)
Target: x86_64-apple-darwin16.5.0
Thread model: posix
InstalledDir: /Library/Developer/CommandLineTools/usr/bin
Configured with: --prefix=/Library/Developer/CommandLineTools/usr --with-gxx-include-dir=/usr/include/c++/4.2.1
configure:4054: $? = 0
configure:4043: g++ -v >&5
Configured with: --prefix=/Library/Developer/CommandLineTools/usr --with-gxx-include-dir=/usr/include/c++/4.2.1
Apple LLVM version 8.1.0 (clang-802.0.38)
Target: x86_64-apple-darwin16.5.0
Thread model: posix
InstalledDir: /Library/Developer/CommandLineTools/usr/bin
configure:4054: $? = 0
configure:4043: g++ -V >&5
clang: error: argument to '-V' is missing (expected 1 value)
clang: error: no input files
configure:4054: $? = 1
configure:4043: g++ -qversion >&5
clang: error: unknown argument: '-qversion'
clang: error: no input files
configure:4054: $? = 1
configure:4058: checking whether we are using the GNU C++ compiler
configure:4077: g++ -c   conftest.cpp >&5
configure:4077: $? = 0
configure:4086: result: yes
configure:4095: checking whether g++ accepts -g
configure:4115: g++ -c -g  conftest.cpp >&5
configure:4115: $? = 0
configure:4156: result: yes
configure:4181: checking dependency style of g++
configure:4292: result: gcc3
configure:4309: WARNING: Libtool does not cope well with whitespace in `pwd`
configure:4336: checking build system type
configure:4350: result: x86_64-apple-darwin16.5.0
configure:4370: checking host system type
configure:4383: result: x86_64-apple-darwin16.5.0
configure:4424: checking how to print strings
configure:4451: result: printf
configure:4472: checking for a sed that does not truncate output
configure:4536: result: /usr/bin/sed
configure:4554: checking for grep that handles long lines and -e
configure:4612: result: /usr/bin/grep
configure:4617: checking for egrep
configure:4679: result: /usr/bin/grep -E
configure:4684: checking for fgrep
configure:4746: result: /usr/bin/grep -F
configure:4781: checking for ld used by gcc
configure:4848: result: /Library/Developer/CommandLineTools/usr/bin/ld
configure:4855: checking if the linker (/Library/Developer/CommandLineTools/usr/bin/ld) is GNU ld
configure:4870: result: no
configure:4882: checking for BSD- or MS-compatible name lister (nm)
configure:4936: result: /usr/bin/nm -B
configure:5066: checking the name lister (/usr/bin/nm -B) interface
configure:5073: gcc -c -g -O2  conftest.c >&5
configure:5076: /usr/bin/nm -B "conftest.o"
configure:5079: output
0000000000000200 S _some_variable
configure:5086: result: BSD nm
configure:5089: checking whether ln -s works
configure:5093: result: yes
configure:5101: checking the maximum length of command line arguments
configure:5232: result: 196608
configure:5280: checking how to convert x86_64-apple-darwin16.5.0 file names to x86_64-apple-darwin16.5.0 format
configure:5320: result: func_convert_file_noop
configure:5327: checking how to convert x86_64-apple-darwin16.5.0 file names to toolchain format
configure:5347: result: func_convert_file_noop
configure:5354: checking for /Library/Developer/CommandLineTools/usr/bin/ld option to reload object files
configure:5361: result: -r
configure:5435: checking for objdump
configure:5451: found /usr/bin/objdump
configure:5462: result: objdump
configure:5494: checking how to recognize dependent libraries
configure:5694: result: pass_all
configure:5779: checking for dlltool
configure:5809: result: no
configure:5839: checking how to associate runtime and link libraries
configure:5866: result: printf %s\n
configure:5927: checking for ar
configure:5943: found /usr/bin/ar
configure:5954: result: ar
configure:5991: checking for archiver @FILE support
configure:6008: gcc -c -g -O2  conftest.c >&5
configure:6008: $? = 0
configure:6011: ar cru libconftest.a @conftest.lst >&5
ar: @conftest.lst: No such file or directory
configure:6014: $? = 1
configure:6034: result: no
configure:6092: checking for strip
configure:6108: found /usr/bin/strip
configure:6119: result: strip
configure:6191: checking for ranlib
configure:6207: found /usr/bin/ranlib
configure:6218: result: ranlib
configure:6320: checking command to parse /usr/bin/nm -B output from gcc object
configure:6473: gcc -c -g -O2  conftest.c >&5
configure:6476: $? = 0
configure:6480: /usr/bin/nm -B conftest.o \| sed -n -e 's/^.*[ ]\([BCDEGRST][BCDEGRST]*\)[ ][ ]*\([_A-Za-z][_A-Za-z0-9]*\)$/\1 \2 \2/p' | sed '/ __gnu_lto/d' \> conftest.nm
configure:6483: $? = 0
cannot find nm_test_var in conftest.nm
configure:6473: gcc -c -g -O2  conftest.c >&5
configure:6476: $? = 0
configure:6480: /usr/bin/nm -B conftest.o \| sed -n -e 's/^.*[ ]\([BCDEGRST][BCDEGRST]*\)[ ][ ]*_\([_A-Za-z][_A-Za-z0-9]*\)$/\1 _\2 \2/p' | sed '/ __gnu_lto/d' \> conftest.nm
configure:6483: $? = 0
configure:6549: gcc -o conftest -g -O2   conftest.c conftstm.o >&5
warning: (x86_64)  could not find object file symbol for symbol _main
configure:6552: $? = 0
configure:6590: result: ok
configure:6637: checking for sysroot
configure:6667: result: no
configure:6674: checking for a working dd
configure:6712: result: /bin/dd
configure:6716: checking how to truncate binary pipes
configure:6731: result: /bin/dd bs=4096 count=1
configure:7060: checking for mt
configure:7090: result: no
configure:7110: checking if : is a manifest tool
configure:7116: : '-?'
configure:7124: result: no
configure:7180: checking for dsymutil
configure:7196: found /usr/bin/dsymutil
configure:7207: result: dsymutil
configure:7272: checking for nmedit
configure:7288: found /usr/bin/nmedit
configure:7299: result: nmedit
configure:7364: checking for lipo
configure:7380: found /usr/bin/lipo
configure:7391: result: lipo
configure:7456: checking for otool
configure:7472: found /usr/bin/otool
configure:7483: result: otool
configure:7548: checking for otool64
configure:7578: result: no
configure:7623: checking for -single_module linker flag
gcc -g -O2  -o libconftest.dylib -dynamiclib -Wl,-single_module conftest.c
configure:7656: result: yes
configure:7659: checking for -exported_symbols_list linker flag
configure:7679: gcc -o conftest -g -O2   -Wl,-exported_symbols_list,conftest.sym conftest.c  >&5
configure:7679: $? = 0
configure:7689: result: yes
configure:7692: checking for -force_load linker flag
gcc -g -O2 -c -o conftest.o conftest.c
ar cru libconftest.a conftest.o
ranlib libconftest.a
gcc -g -O2  -o conftest conftest.c -Wl,-force_load,./libconftest.a
configure:7724: result: yes
configure:7801: checking how to run the C preprocessor
configure:7832: gcc -E  conftest.c
configure:7832: $? = 0
configure:7846: gcc -E  conftest.c
conftest.c:9:10: fatal error: 'ac_nonexistent.h' file not found
#include <ac_nonexistent.h>
         ^
1 error generated.
configure:7846: $? = 1
configure: failed program was:
| /* confdefs.h */
| #define PACKAGE_NAME ""
| #define PACKAGE_TARNAME ""
| #define PACKAGE_VERSION ""
| #define PACKAGE_STRING ""
| #define PACKAGE_BUGREPORT ""
| #define PACKAGE_URL ""
| /* end confdefs.h.  */
| #include <ac_nonexistent.h>
configure:7871: result: gcc -E
configure:7891: gcc -E  conftest.c
configure:7891: $? = 0
configure:7905: gcc -E  conftest.c
conftest.c:9:10: fatal error: 'ac_nonexistent.h' file not found
#include <ac_nonexistent.h>
         ^
1 error generated.
configure:7905: $? = 1
configure: failed program was:
| /* confdefs.h */
| #define PACKAGE_NAME ""
| #define PACKAGE_TARNAME ""
| #define PACKAGE_VERSION ""
| #define PACKAGE_STRING ""
| #define PACKAGE_BUGREPORT ""
| #define PACKAGE_URL ""
| /* end confdefs.h.  */
| #include <ac_nonexistent.h>
configure:7934: checking for ANSI C header files
configure:7954: gcc -c -g -O2  conftest.c >&5
configure:7954: $? = 0
configure:8027: gcc -o conftest -g -O2   conftest.c  >&5
configure:8027: $? = 0
configure:8027: ./conftest
configure:8027: $? = 0
configure:8038: result: yes
configure:8051: checking for sys/types.h
configure:8051: gcc -c -g -O2  conftest.c >&5
configure:8051: $? = 0
configure:8051: result: yes
configure:8051: checking for sys/stat.h
configure:8051: gcc -c -g -O2  conftest.c >&5
configure:8051: $? = 0
configure:8051: result: yes
configure:8051: checking for stdlib.h
configure:8051: gcc -c -g -O2  conftest.c >&5
configure:8051: $? = 0
configure:8051: result: yes
configure:8051: checking for string.h
configure:8051: gcc -c -g -O2  conftest.c >&5
configure:8051: $? = 0
configure:8051: result: yes
configure:8051: checking for memory.h
configure:8051: gcc -c -g -O2  conftest.c >&5
configure:8051: $? = 0
configure:8051: result: yes
configure:8051: checking for strings.h
configure:8051: gcc -c -g -O2  conftest.c >&5
configure:8051: $? = 0
configure:8051: result: yes
configure:8051: checking for inttypes.h
configure:8051: gcc -c -g -O2  conftest.c >&5
configure:8051: $? = 0
configure:8051: result: yes
configure:8051: checking for stdint.h
configure:8051: gcc -c -g -O2  conftest.c >&5
configure:8051: $? = 0
configure:8051: result: yes
configure:8051: checking for unistd.h
configure:8051: gcc -c -g -O2  conftest.c >&5
configure:8051: $? = 0
configure:8051: result: yes
configure:8065: checking for dlfcn.h
configure:8065: gcc -c -g -O2  conftest.c >&5
configure:8065: $? = 0
configure:8065: result: yes
configure:8332: checking for objdir
configure:8347: result: .libs
configure:8607: checking if gcc supports -fno-rtti -fno-exceptions
configure:8625: gcc -c -g -O2  -fno-rtti -fno-exceptions conftest.c >&5
configure:8629: $? = 0
configure:8642: result: yes
configure:9000: checking for gcc option to produce PIC
configure:9007: result: -fno-common -DPIC
configure:9015: checking if gcc PIC flag -fno-common -DPIC works
configure:9033: gcc -c -g -O2  -fno-common -DPIC -DPIC conftest.c >&5
configure:9037: $? = 0
configure:9050: result: yes
configure:9079: checking if gcc static flag -static works
configure:9107: result: no
configure:9122: checking if gcc supports -c -o file.o
configure:9143: gcc -c -g -O2  -o out/conftest2.o conftest.c >&5
configure:9147: $? = 0
configure:9169: result: yes
configure:9177: checking if gcc supports -c -o file.o
configure:9224: result: yes
configure:9257: checking whether the gcc linker (/Library/Developer/CommandLineTools/usr/bin/ld) supports shared libraries
configure:10516: result: yes
configure:10756: checking dynamic linker characteristics
configure:11574: result: darwin16.5.0 dyld
configure:11696: checking how to hardcode library paths into programs
configure:11721: result: immediate
configure:12269: checking whether stripping libraries is possible
configure:12283: result: yes
configure:12309: checking if libtool supports shared libraries
configure:12311: result: yes
configure:12314: checking whether to build shared libraries
configure:12339: result: yes
configure:12342: checking whether to build static libraries
configure:12346: result: yes
configure:12369: checking how to run the C++ preprocessor
configure:12396: g++ -E  conftest.cpp
configure:12396: $? = 0
configure:12410: g++ -E  conftest.cpp
conftest.cpp:21:10: fatal error: 'ac_nonexistent.h' file not found
#include <ac_nonexistent.h>
         ^
1 error generated.
configure:12410: $? = 1
configure: failed program was:
| /* confdefs.h */
| #define PACKAGE_NAME ""
| #define PACKAGE_TARNAME ""
| #define PACKAGE_VERSION ""
| #define PACKAGE_STRING ""
| #define PACKAGE_BUGREPORT ""
| #define PACKAGE_URL ""
| #define STDC_HEADERS 1
| #define HAVE_SYS_TYPES_H 1
| #define HAVE_SYS_STAT_H 1
| #define HAVE_STDLIB_H 1
| #define HAVE_STRING_H 1
| #define HAVE_MEMORY_H 1
| #define HAVE_STRINGS_H 1
| #define HAVE_INTTYPES_H 1
| #define HAVE_STDINT_H 1
| #define HAVE_UNISTD_H 1
| #define HAVE_DLFCN_H 1
| #define LT_OBJDIR ".libs/"
| /* end confdefs.h.  */
| #include <ac_nonexistent.h>
configure:12435: result: g++ -E
configure:12455: g++ -E  conftest.cpp
configure:12455: $? = 0
configure:12469: g++ -E  conftest.cpp
conftest.cpp:21:10: fatal error: 'ac_nonexistent.h' file not found
#include <ac_nonexistent.h>
         ^
1 error generated.
configure:12469: $? = 1
configure: failed program was:
| /* confdefs.h */
| #define PACKAGE_NAME ""
| #define PACKAGE_TARNAME ""
| #define PACKAGE_VERSION ""
| #define PACKAGE_STRING ""
| #define PACKAGE_BUGREPORT ""
| #define PACKAGE_URL ""
| #define STDC_HEADERS 1
| #define HAVE_SYS_TYPES_H 1
| #define HAVE_SYS_STAT_H 1
| #define HAVE_STDLIB_H 1
| #define HAVE_STRING_H 1
| #define HAVE_MEMORY_H 1
| #define HAVE_STRINGS_H 1
| #define HAVE_INTTYPES_H 1
| #define HAVE_STDINT_H 1
| #define HAVE_UNISTD_H 1
| #define HAVE_DLFCN_H 1
| #define LT_OBJDIR ".libs/"
| /* end confdefs.h.  */
| #include <ac_nonexistent.h>
configure:12631: checking for ld used by g++
configure:12698: result: /Library/Developer/CommandLineTools/usr/bin/ld
configure:12705: checking if the linker (/Library/Developer/CommandLineTools/usr/bin/ld) is GNU ld
configure:12720: result: no
configure:12775: checking whether the g++ linker (/Library/Developer/CommandLineTools/usr/bin/ld) supports shared libraries
configure:13848: result: yes
configure:13884: g++ -c -g -O2  conftest.cpp >&5
configure:13887: $? = 0
configure:14368: checking for g++ option to produce PIC
configure:14375: result: -fno-common -DPIC
configure:14383: checking if g++ PIC flag -fno-common -DPIC works
configure:14401: g++ -c -g -O2  -fno-common -DPIC -DPIC conftest.cpp >&5
configure:14405: $? = 0
configure:14418: result: yes
configure:14441: checking if g++ static flag -static works
configure:14469: result: no
configure:14481: checking if g++ supports -c -o file.o
configure:14502: g++ -c -g -O2  -o out/conftest2.o conftest.cpp >&5
configure:14506: $? = 0
configure:14528: result: yes
configure:14533: checking if g++ supports -c -o file.o
configure:14580: result: yes
configure:14610: checking whether the g++ linker (/Library/Developer/CommandLineTools/usr/bin/ld) supports shared libraries
configure:14650: result: yes
configure:14791: checking dynamic linker characteristics
configure:15536: result: darwin16.5.0 dyld
configure:15601: checking how to hardcode library paths into programs
configure:15626: result: immediate
configure:15687: checking whether build environment is sane
configure:15742: result: yes
configure:15872: checking that generated files are newer than configure
configure:15878: result: done
configure:15900: checking that generated files are newer than configure
configure:15906: result: done
configure:15913: creating ./config.status

## ---------------------- ##
## Running config.status. ##
## ---------------------- ##

This file was extended by config.status, which was
generated by GNU Autoconf 2.69.  Invocation command line was

  CONFIG_FILES    = 
  CONFIG_HEADERS  = 
  CONFIG_LINKS    = 
  CONFIG_COMMANDS = 
  $ ./config.status 

on Ercans-MacBook-Pro.local

config.status:1148: creating Makefile
config.status:1148: creating libnolimits.pc
config.status:1148: creating src/Makefile
config.status:1148: creating config.h
config.status:1329: config.h is unchanged
config.status:1377: executing depfiles commands
config.status:1377: executing libtool commands

## ---------------- ##
## Cache variables. ##
## ---------------- ##

ac_cv_build=x86_64-apple-darwin16.5.0
ac_cv_c_compiler_gnu=yes
ac_cv_cxx_compiler_gnu=yes
ac_cv_env_CCC_set=
ac_cv_env_CCC_value=
ac_cv_env_CC_set=
ac_cv_env_CC_value=
ac_cv_env_CFLAGS_set=
ac_cv_env_CFLAGS_value=
ac_cv_env_CPPFLAGS_set=
ac_cv_env_CPPFLAGS_value=
ac_cv_env_CPP_set=
ac_cv_env_CPP_value=
ac_cv_env_CXXCPP_set=
ac_cv_env_CXXCPP_value=
ac_cv_env_CXXFLAGS_set=
ac_cv_env_CXXFLAGS_value=
ac_cv_env_CXX_set=
ac_cv_env_CXX_value=
ac_cv_env_LDFLAGS_set=
ac_cv_env_LDFLAGS_value=
ac_cv_env_LIBS_set=
ac_cv_env_LIBS_value=
ac_cv_env_LT_SYS_LIBRARY_PATH_set=
ac_cv_env_LT_SYS_LIBRARY_PATH_value=
ac_cv_env_build_alias_set=
ac_cv_env_build_alias_value=
ac_cv_env_host_alias_set=
ac_cv_env_host_alias_value=
ac_cv_env_target_alias_set=
ac_cv_env_target_alias_value=
ac_cv_header_dlfcn_h=yes
ac_cv_header_inttypes_h=yes
ac_cv_header_memory_h=yes
ac_cv_header_stdc=yes
ac_cv_header_stdint_h=yes
ac_cv_header_stdlib_h=yes
ac_cv_header_string_h=yes
ac_cv_header_strings_h=yes
ac_cv_header_sys_stat_h=yes
ac_cv_header_sys_types_h=yes
ac_cv_header_unistd_h=yes
ac_cv_host=x86_64-apple-darwin16.5.0
ac_cv_objext=o
ac_cv_path_EGREP='/usr/bin/grep -E'
ac_cv_path_FGREP='/usr/bin/grep -F'
ac_cv_path_GREP=/usr/bin/grep
ac_cv_path_SED=/usr/bin/sed
ac_cv_path_install='/usr/bin/install -c'
ac_cv_path_lt_DD=/bin/dd
ac_cv_prog_AWK=awk
ac_cv_prog_CPP='gcc -E'
ac_cv_prog_CXXCPP='g++ -E'
ac_cv_prog_ac_ct_AR=ar
ac_cv_prog_ac_ct_CC=gcc
ac_cv_prog_ac_ct_CXX=g++
ac_cv_prog_ac_ct_DSYMUTIL=dsymutil
ac_cv_prog_ac_ct_LIPO=lipo
ac_cv_prog_ac_ct_NMEDIT=nmedit
ac_cv_prog_ac_ct_OBJDUMP=objdump
ac_cv_prog_ac_ct_OTOOL=otool
ac_cv_prog_ac_ct_RANLIB=ranlib
ac_cv_prog_ac_ct_STRIP=strip
ac_cv_prog_cc_c89=
ac_cv_prog_cc_g=yes
ac_cv_prog_cxx_g=yes
ac_cv_prog_make_make_set=yes
am_cv_CC_dependencies_compiler_type=gcc3
am_cv_CXX_dependencies_compiler_type=gcc3
am_cv_make_support_nested_variables=yes
am_cv_prog_cc_c_o=yes
lt_cv_apple_cc_single_mod=yes
lt_cv_ar_at_file=no
lt_cv_deplibs_check_method=pass_all
lt_cv_file_magic_cmd='$MAGIC_CMD'
lt_cv_file_magic_test_file=
lt_cv_ld_exported_symbols_list=yes
lt_cv_ld_force_load=yes
lt_cv_ld_reload_flag=-r
lt_cv_nm_interface='BSD nm'
lt_cv_objdir=.libs
lt_cv_path_LD=/Library/Developer/CommandLineTools/usr/bin/ld
lt_cv_path_LDCXX=/Library/Developer/CommandLineTools/usr/bin/ld
lt_cv_path_NM='/usr/bin/nm -B'
lt_cv_path_mainfest_tool=no
lt_cv_prog_compiler_c_o=yes
lt_cv_prog_compiler_c_o_CXX=yes
lt_cv_prog_compiler_pic='-fno-common -DPIC'
lt_cv_prog_compiler_pic_CXX='-fno-common -DPIC'
lt_cv_prog_compiler_pic_works=yes
lt_cv_prog_compiler_pic_works_CXX=yes
lt_cv_prog_compiler_rtti_exceptions=yes
lt_cv_prog_compiler_static_works=no
lt_cv_prog_compiler_static_works_CXX=no
lt_cv_prog_gnu_ld=no
lt_cv_prog_gnu_ldcxx=no
lt_cv_sharedlib_from_linklib_cmd='printf %s\n'
lt_cv_sys_global_symbol_pipe='sed -n -e '\''s/^.*[	 ]\([BCDEGRST][BCDEGRST]*\)[	 ][	 ]*_\([_A-Za-z][_A-Za-z0-9]*\)$/\1 _\2 \2/p'\'' | sed '\''/ __gnu_lto/d'\'''
lt_cv_sys_global_symbol_to_c_name_address='sed -n -e '\''s/^: \(.*\) .*$/  {"\1", (void *) 0},/p'\'' -e '\''s/^[BCDEGRST][BCDEGRST]* .* \(.*\)$/  {"\1", (void *) \&\1},/p'\'''
lt_cv_sys_global_symbol_to_c_name_address_lib_prefix='sed -n -e '\''s/^: \(.*\) .*$/  {"\1", (void *) 0},/p'\'' -e '\''s/^[BCDEGRST][BCDEGRST]* .* \(lib.*\)$/  {"\1", (void *) \&\1},/p'\'' -e '\''s/^[BCDEGRST][BCDEGRST]* .* \(.*\)$/  {"lib\1", (void *) \&\1},/p'\'''
lt_cv_sys_global_symbol_to_cdecl='sed -n -e '\''s/^T .* \(.*\)$/extern int \1();/p'\'' -e '\''s/^[BCDEGRST][BCDEGRST]* .* \(.*\)$/extern char \1;/p'\'''
lt_cv_sys_global_symbol_to_import=
lt_cv_sys_max_cmd_len=196608
lt_cv_to_host_file_cmd=func_convert_file_noop
lt_cv_to_tool_file_cmd=func_convert_file_noop
lt_cv_truncate_bin='/bin/dd bs=4096 count=1'

## ----------------- ##
## Output variables. ##
## ----------------- ##

ACLOCAL='${SHELL} "/Users/akyuerek_e/Data/Neuer Ordner 2/libnolimits/missing" aclocal-1.15'
AMDEPBACKSLASH='\'
AMDEP_FALSE='#'
AMDEP_TRUE=''
AMTAR='$${TAR-tar}'
AM_BACKSLASH='\'
AM_DEFAULT_V='$(AM_DEFAULT_VERBOSITY)'
AM_DEFAULT_VERBOSITY='1'
AM_V='$(V)'
AR='ar'
AUTOCONF='${SHELL} "/Users/akyuerek_e/Data/Neuer Ordner 2/libnolimits/missing" autoconf'
AUTOHEADER='${SHELL} "/Users/akyuerek_e/Data/Neuer Ordner 2/libnolimits/missing" autoheader'
AUTOMAKE='${SHELL} "/Users/akyuerek_e/Data/Neuer Ordner 2/libnolimits/missing" automake-1.15'
AWK='awk'
CC='gcc'
CCDEPMODE='depmode=gcc3'
CFLAGS='-g -O2'
CPP='gcc -E'
CPPFLAGS=''
CXX='g++'
CXXCPP='g++ -E'
CXXDEPMODE='depmode=gcc3'
CXXFLAGS='-g -O2'
CYGPATH_W='echo'
DEFS='-DHAVE_CONFIG_H'
DEPDIR='.deps'
DLLTOOL='false'
DSYMUTIL='dsymutil'
DUMPBIN=''
ECHO_C='\c'
ECHO_N=''
ECHO_T=''
EGREP='/usr/bin/grep -E'
EXEEXT=''
FGREP='/usr/bin/grep -F'
GENERIC_API_VERSION='0.1'
GENERIC_LIBRARY_NAME='libnolimits'
GENERIC_LIBRARY_VERSION=''
GENERIC_RELEASE='0.1'
GENERIC_VERSION='0.1.0'
GREP='/usr/bin/grep'
INSTALL_DATA='${INSTALL} -m 644'
INSTALL_PROGRAM='${INSTALL}'
INSTALL_SCRIPT='${INSTALL}'
INSTALL_STRIP_PROGRAM='$(install_sh) -c -s'
LD='/Library/Developer/CommandLineTools/usr/bin/ld'
LDFLAGS=''
LIBOBJS=''
LIBS=''
LIBTOOL='$(SHELL) $(top_builddir)/libtool'
LIPO='lipo'
LN_S='ln -s'
LTLIBOBJS=''
LT_SYS_LIBRARY_PATH=''
MAKEINFO='${SHELL} "/Users/akyuerek_e/Data/Neuer Ordner 2/libnolimits/missing" makeinfo'
MANIFEST_TOOL=':'
MKDIR_P='./install-sh -c -d'
NM='/usr/bin/nm -B'
NMEDIT='nmedit'
OBJDUMP='objdump'
OBJEXT='o'
OTOOL64=':'
OTOOL='otool'
PACKAGE='libnolimits'
PACKAGE_BUGREPORT=''
PACKAGE_NAME=''
PACKAGE_STRING=''
PACKAGE_TARNAME=''
PACKAGE_URL=''
PACKAGE_VERSION=''
PATH_SEPARATOR=':'
RANLIB='ranlib'
SED='/usr/bin/sed'
SET_MAKE=''
SHELL='/bin/sh'
STRIP='strip'
VERSION='0.1.0'
ac_ct_AR='ar'
ac_ct_CC='gcc'
ac_ct_CXX='g++'
ac_ct_DUMPBIN=''
am__EXEEXT_FALSE=''
am__EXEEXT_TRUE='#'
am__fastdepCC_FALSE='#'
am__fastdepCC_TRUE=''
am__fastdepCXX_FALSE='#'
am__fastdepCXX_TRUE=''
am__include='include'
am__isrc=''
am__leading_dot='.'
am__nodep='_no'
am__quote=''
am__tar='$${TAR-tar} chof - "$$tardir"'
am__untar='$${TAR-tar} xf -'
bindir='${exec_prefix}/bin'
build='x86_64-apple-darwin16.5.0'
build_alias=''
build_cpu='x86_64'
build_os='darwin16.5.0'
build_vendor='apple'
datadir='${datarootdir}'
datarootdir='${prefix}/share'
docdir='${datarootdir}/doc/${PACKAGE}'
dvidir='${docdir}'
exec_prefix='${prefix}'
host='x86_64-apple-darwin16.5.0'
host_alias=''
host_cpu='x86_64'
host_os='darwin16.5.0'
host_vendor='apple'
htmldir='${docdir}'
includedir='${prefix}/include'
infodir='${datarootdir}/info'
install_sh='${SHELL} '\''/Users/akyuerek_e/Data/Neuer Ordner 2/libnolimits/install-sh'\'''
libdir='${exec_prefix}/lib'
libexecdir='${exec_prefix}/libexec'
localedir='${datarootdir}/locale'
localstatedir='${prefix}/var'
mandir='${datarootdir}/man'
mkdir_p='$(MKDIR_P)'
oldincludedir='/usr/include'
pdfdir='${docdir}'
prefix='/usr/local'
program_transform_name='s,x,x,'
psdir='${docdir}'
sbindir='${exec_prefix}/sbin'
sharedstatedir='${prefix}/com'
sysconfdir='${prefix}/etc'
target_alias=''

## ----------- ##
## confdefs.h. ##
## ----------- ##

/* confdefs.h */
#define PACKAGE_NAME ""
#define PACKAGE_TARNAME ""
#define PACKAGE_VERSION ""
#define PACKAGE_STRING ""
#define PACKAGE_BUGREPORT ""
#define PACKAGE_URL ""
#define STDC_HEADERS 1
#define HAVE_SYS_TYPES_H 1
#define HAVE_SYS_STAT_H 1
#define HAVE_STDLIB_H 1
#define HAVE_STRING_H 1
#define HAVE_MEMORY_H 1
#define HAVE_STRINGS_H 1
#define HAVE_INTTYPES_H 1
#define HAVE_STDINT_H 1
#define HAVE_UNISTD_H 1
#define HAVE_DLFCN_H 1
#define LT_OBJDIR ".libs/"

configure: exit 0

## ---------------------- ##
## Running config.status. ##
## ---------------------- ##

This file was extended by config.status, which was
generated by GNU Autoconf 2.69.  Invocation command line was

  CONFIG_FILES    = 
  CONFIG_HEADERS  = 
  CONFIG_LINKS    = 
  CONFIG_COMMANDS = 
  $ ./config.status Makefile

on Ercans-MacBook-Pro.local

config.status:1148: creating Makefile

## ---------------------- ##
## Running config.status. ##
## ---------------------- ##

This file was extended by config.status, which was
generated by GNU Autoconf 2.69.  Invocation command line was

  CONFIG_FILES    = 
  CONFIG_HEADERS  = 
  CONFIG_LINKS    = 
  CONFIG_COMMANDS = 
  $ ./config.status src/Makefile depfiles

on Ercans-MacBook-Pro.local

config.status:1148: creating src/Makefile
config.status:1377: executing depfiles commands
